 ===================>     TALLY 1: ENERGY_SPECTRUM     <====================

 Incoming Energy [1e-05, 1.0471e-05)
   Total Material
     Flux                                 0 +/- 0
 Incoming Energy [1.0471e-05, 1.0965e-05)
   Total Material
     Flux                                 0 +/- 0
 Incoming Energy [1.0965e-05, 1.1482e-05)
   Total Material
     Flux                                 0 +/- 0
 Incoming Energy [1.1482e-05, 1.2023e-05)
   Total Material
     Flux                                 0 +/- 0
 Incoming Energy [1.2023e-05, 1.2589e-05)
   Total Material
     Flux                                 0 +/- 0
 Incoming Energy [1.2589e-05, 1.3183e-05)
   Total Material
     Flux                                 0 +/- 0
 Incoming Energy [1.3183e-05, 1.3804e-05)
   Total Material
     Flux                                 0 +/- 0
 Incoming Energy [1.3804e-05, 1.4454e-05)
   Total Material
     Flux                                 0 +/- 0
 Incoming Energy [1.4454e-05, 1.5136e-05)
   Total Material
     Flux                                 0 +/- 0
 Incoming Energy [1.5136e-05, 1.5849e-05)
   Total Material
     Flux                                 0 +/- 0
 Incoming Energy [1.5849e-05, 1.6596e-05)
   Total Material
     Flux                                 0 +/- 0
 Incoming Energy [1.6596e-05, 1.7378e-05)
   Total Material
     Flux                                 0 +/- 0
 Incoming Energy [1.7378e-05, 1.8197e-05)
   Total Material
     Flux                                 0 +/- 0
 Incoming Energy [1.8197e-05, 1.9055e-05)
   Total Material
     Flux                                 0 +/- 0
 Incoming Energy [1.9055e-05, 1.9953e-05)
   Total Material
     Flux                                 0 +/- 0
 Incoming Energy [1.9953e-05, 2.0893e-05)
   Total Material
     Flux                                 0 +/- 0
 Incoming Energy [2.0893e-05, 2.1878e-05)
   Total Material
     Flux                                 0 +/- 0
 Incoming Energy [2.1878e-05, 2.2909e-05)
   Total Material
     Flux                                 0 +/- 0
 Incoming Energy [2.2909e-05, 2.3988e-05)
   Total Material
     Flux                                 0 +/- 0
 Incoming Energy [2.3988e-05, 2.5119e-05)
   Total Material
     Flux                                 0 +/- 0
 Incoming Energy [2.5119e-05, 2.6303e-05)
   Total Material
     Flux                                 0 +/- 0
 Incoming Energy [2.6303e-05, 2.7542e-05)
   Total Material
     Flux                                 0 +/- 0
 Incoming Energy [2.7542e-05, 2.884e-05)
   Total Material
     Flux                                 0 +/- 0
 Incoming Energy [2.884e-05, 3.02e-05)
   Total Material
     Flux                                 0 +/- 0
 Incoming Energy [3.02e-05, 3.1623e-05)
   Total Material
     Flux                                 0 +/- 0
 Incoming Energy [3.1623e-05, 3.3113e-05)
   Total Material
     Flux                                 0 +/- 0
 Incoming Energy [3.3113e-05, 3.4674e-05)
   Total Material
     Flux                                 0 +/- 0
 Incoming Energy [3.4674e-05, 3.6308e-05)
   Total Material
     Flux                                 0 +/- 0
 Incoming Energy [3.6308e-05, 3.8019e-05)
   Total Material
     Flux                                 0 +/- 0
 Incoming Energy [3.8019e-05, 3.9811e-05)
   Total Material
     Flux                                 0 +/- 0
 Incoming Energy [3.9811e-05, 4.1687e-05)
   Total Material
     Flux                                 0 +/- 0
 Incoming Energy [4.1687e-05, 4.3652e-05)
   Total Material
     Flux                                 0 +/- 0
 Incoming Energy [4.3652e-05, 4.5709e-05)
   Total Material
     Flux                                 0 +/- 0
 Incoming Energy [4.5709e-05, 4.7863e-05)
   Total Material
     Flux                                 0 +/- 0
 Incoming Energy [4.7863e-05, 5.0119e-05)
   Total Material
     Flux                                 0 +/- 0
 Incoming Energy [5.0119e-05, 5.2481e-05)
   Total Material
     Flux                                 0 +/- 0
 Incoming Energy [5.2481e-05, 5.4954e-05)
   Total Material
     Flux                                 0 +/- 0
 Incoming Energy [5.4954e-05, 5.7544e-05)
   Total Material
     Flux                                 0 +/- 0
 Incoming Energy [5.7544e-05, 6.0256e-05)
   Total Material
     Flux                                 0 +/- 0
 Incoming Energy [6.0256e-05, 6.3096e-05)
   Total Material
     Flux                                 0 +/- 0
 Incoming Energy [6.3096e-05, 6.6069e-05)
   Total Material
     Flux                                 0 +/- 0
 Incoming Energy [6.6069e-05, 6.9183e-05)
   Total Material
     Flux                                 0 +/- 0
 Incoming Energy [6.9183e-05, 7.2444e-05)
   Total Material
     Flux                                 0 +/- 0
 Incoming Energy [7.2444e-05, 7.5858e-05)
   Total Material
     Flux                                 0 +/- 0
 Incoming Energy [7.5858e-05, 7.9433e-05)
   Total Material
     Flux                                 0 +/- 0
 Incoming Energy [7.9433e-05, 8.3176e-05)
   Total Material
     Flux                                 0 +/- 0
 Incoming Energy [8.3176e-05, 8.7096e-05)
   Total Material
     Flux                                 0 +/- 0
 Incoming Energy [8.7096e-05, 9.1201e-05)
   Total Material
     Flux                                 0 +/- 0
 Incoming Energy [9.1201e-05, 9.5499e-05)
   Total Material
     Flux                                 0 +/- 0
 Incoming Energy [9.5499e-05, 0.0001)
   Total Material
     Flux                                 0 +/- 0
 Incoming Energy [0.0001, 0.00010471)
   Total Material
     Flux                                 0 +/- 0
 Incoming Energy [0.00010471, 0.00010965)
   Total Material
     Flux                                 0 +/- 0
 Incoming Energy [0.00010965, 0.00011482)
   Total Material
     Flux                                 0 +/- 0
 Incoming Energy [0.00011482, 0.00012023)
   Total Material
     Flux                                 0 +/- 0
 Incoming Energy [0.00012023, 0.00012589)
   Total Material
     Flux                                 0 +/- 0
 Incoming Energy [0.00012589, 0.00013183)
   Total Material
     Flux                                 0 +/- 0
 Incoming Energy [0.00013183, 0.00013804)
   Total Material
     Flux                                 0 +/- 0
 Incoming Energy [0.00013804, 0.00014454)
   Total Material
     Flux                                 0 +/- 0
 Incoming Energy [0.00014454, 0.00015136)
   Total Material
     Flux                                 0 +/- 0
 Incoming Energy [0.00015136, 0.00015849)
   Total Material
     Flux                                 0 +/- 0
 Incoming Energy [0.00015849, 0.00016596)
   Total Material
     Flux                                 0 +/- 0
 Incoming Energy [0.00016596, 0.00017378)
   Total Material
     Flux                                 0 +/- 0
 Incoming Energy [0.00017378, 0.00018197)
   Total Material
     Flux                                 0 +/- 0
 Incoming Energy [0.00018197, 0.00019055)
   Total Material
     Flux                                 0 +/- 0
 Incoming Energy [0.00019055, 0.00019953)
   Total Material
     Flux                                 0 +/- 0
 Incoming Energy [0.00019953, 0.00020893)
   Total Material
     Flux                                 0 +/- 0
 Incoming Energy [0.00020893, 0.00021878)
   Total Material
     Flux                                 0 +/- 0
 Incoming Energy [0.00021878, 0.00022909)
   Total Material
     Flux                                 0 +/- 0
 Incoming Energy [0.00022909, 0.00023988)
   Total Material
     Flux                                 0 +/- 0
 Incoming Energy [0.00023988, 0.00025119)
   Total Material
     Flux                                 0 +/- 0
 Incoming Energy [0.00025119, 0.00026303)
   Total Material
     Flux                                 0 +/- 0
 Incoming Energy [0.00026303, 0.00027542)
   Total Material
     Flux                                 0 +/- 0
 Incoming Energy [0.00027542, 0.0002884)
   Total Material
     Flux                                 0 +/- 0
 Incoming Energy [0.0002884, 0.000302)
   Total Material
     Flux                                 0 +/- 0
 Incoming Energy [0.000302, 0.00031623)
   Total Material
     Flux                                 0 +/- 0
 Incoming Energy [0.00031623, 0.00033113)
   Total Material
     Flux                                 0 +/- 0
 Incoming Energy [0.00033113, 0.00034674)
   Total Material
     Flux                                 0 +/- 0
 Incoming Energy [0.00034674, 0.00036308)
   Total Material
     Flux                                 0 +/- 0
 Incoming Energy [0.00036308, 0.00038019)
   Total Material
     Flux                                 0 +/- 0
 Incoming Energy [0.00038019, 0.00039811)
   Total Material
     Flux                                 0 +/- 0
 Incoming Energy [0.00039811, 0.00041687)
   Total Material
     Flux                                 0 +/- 0
 Incoming Energy [0.00041687, 0.00043652)
   Total Material
     Flux                                 0 +/- 0
 Incoming Energy [0.00043652, 0.00045709)
   Total Material
     Flux                                 0 +/- 0
 Incoming Energy [0.00045709, 0.00047863)
   Total Material
     Flux                                 0 +/- 0
 Incoming Energy [0.00047863, 0.00050119)
   Total Material
     Flux                                 0 +/- 0
 Incoming Energy [0.00050119, 0.00052481)
   Total Material
     Flux                                 0 +/- 0
 Incoming Energy [0.00052481, 0.00054954)
   Total Material
     Flux                                 0 +/- 0
 Incoming Energy [0.00054954, 0.00057544)
   Total Material
     Flux                                 0 +/- 0
 Incoming Energy [0.00057544, 0.00060256)
   Total Material
     Flux                                 0 +/- 0
 Incoming Energy [0.00060256, 0.00063096)
   Total Material
     Flux                                 0 +/- 0
 Incoming Energy [0.00063096, 0.00066069)
   Total Material
     Flux                                 0 +/- 0
 Incoming Energy [0.00066069, 0.00069183)
   Total Material
     Flux                                 0 +/- 0
 Incoming Energy [0.00069183, 0.00072444)
   Total Material
     Flux                                 0 +/- 0
 Incoming Energy [0.00072444, 0.00075858)
   Total Material
     Flux                                 0 +/- 0
 Incoming Energy [0.00075858, 0.00079433)
   Total Material
     Flux                                 0 +/- 0
 Incoming Energy [0.00079433, 0.00083176)
   Total Material
     Flux                                 0 +/- 0
 Incoming Energy [0.00083176, 0.00087096)
   Total Material
     Flux                                 0 +/- 0
 Incoming Energy [0.00087096, 0.00091201)
   Total Material
     Flux                                 0 +/- 0
 Incoming Energy [0.00091201, 0.00095499)
   Total Material
     Flux                                 0 +/- 0
 Incoming Energy [0.00095499, 0.001)
   Total Material
     Flux                                 0 +/- 0
 Incoming Energy [0.001, 0.0010471)
   Total Material
     Flux                                 0 +/- 0
 Incoming Energy [0.0010471, 0.0010965)
   Total Material
     Flux                                 0 +/- 0
 Incoming Energy [0.0010965, 0.0011482)
   Total Material
     Flux                                 0 +/- 0
 Incoming Energy [0.0011482, 0.0012023)
   Total Material
     Flux                                 0 +/- 0
 Incoming Energy [0.0012023, 0.0012589)
   Total Material
     Flux                                 0 +/- 0
 Incoming Energy [0.0012589, 0.0013183)
   Total Material
     Flux                                 0 +/- 0
 Incoming Energy [0.0013183, 0.0013804)
   Total Material
     Flux                                 0 +/- 0
 Incoming Energy [0.0013804, 0.0014454)
   Total Material
     Flux                                 0 +/- 0
 Incoming Energy [0.0014454, 0.0015136)
   Total Material
     Flux                                 0 +/- 0
 Incoming Energy [0.0015136, 0.0015849)
   Total Material
     Flux                                 0 +/- 0
 Incoming Energy [0.0015849, 0.0016596)
   Total Material
     Flux                                 0 +/- 0
 Incoming Energy [0.0016596, 0.0017378)
   Total Material
     Flux                                 0 +/- 0
 Incoming Energy [0.0017378, 0.0018197)
   Total Material
     Flux                                 0 +/- 0
 Incoming Energy [0.0018197, 0.0019055)
   Total Material
     Flux                                 0 +/- 0
 Incoming Energy [0.0019055, 0.0019953)
   Total Material
     Flux                                 0 +/- 0
 Incoming Energy [0.0019953, 0.0020893)
   Total Material
     Flux                                 0 +/- 0
 Incoming Energy [0.0020893, 0.0021878)
   Total Material
     Flux                                 0 +/- 0
 Incoming Energy [0.0021878, 0.0022909)
   Total Material
     Flux                                 0 +/- 0
 Incoming Energy [0.0022909, 0.0023988)
   Total Material
     Flux                                 0 +/- 0
 Incoming Energy [0.0023988, 0.0025119)
   Total Material
     Flux                                 0 +/- 0
 Incoming Energy [0.0025119, 0.0026303)
   Total Material
     Flux                                 0 +/- 0
 Incoming Energy [0.0026303, 0.0027542)
   Total Material
     Flux                                 0 +/- 0
 Incoming Energy [0.0027542, 0.002884)
   Total Material
     Flux                                 0 +/- 0
 Incoming Energy [0.002884, 0.00302)
   Total Material
     Flux                                 0 +/- 0
 Incoming Energy [0.00302, 0.0031623)
   Total Material
     Flux                                 0 +/- 0
 Incoming Energy [0.0031623, 0.0033113)
   Total Material
     Flux                                 0 +/- 0
 Incoming Energy [0.0033113, 0.0034674)
   Total Material
     Flux                                 0 +/- 0
 Incoming Energy [0.0034674, 0.0036308)
   Total Material
     Flux                                 0 +/- 0
 Incoming Energy [0.0036308, 0.0038019)
   Total Material
     Flux                                 0 +/- 0
 Incoming Energy [0.0038019, 0.0039811)
   Total Material
     Flux                                 0 +/- 0
 Incoming Energy [0.0039811, 0.0041687)
   Total Material
     Flux                                 0 +/- 0
 Incoming Energy [0.0041687, 0.0043652)
   Total Material
     Flux                                 0 +/- 0
 Incoming Energy [0.0043652, 0.0045709)
   Total Material
     Flux                                 0 +/- 0
 Incoming Energy [0.0045709, 0.0047863)
   Total Material
     Flux                                 0 +/- 0
 Incoming Energy [0.0047863, 0.0050119)
   Total Material
     Flux                                 0 +/- 0
 Incoming Energy [0.0050119, 0.0052481)
   Total Material
     Flux                                 0 +/- 0
 Incoming Energy [0.0052481, 0.0054954)
   Total Material
     Flux                                 0 +/- 0
 Incoming Energy [0.0054954, 0.0057544)
   Total Material
     Flux                                 0 +/- 0
 Incoming Energy [0.0057544, 0.0060256)
   Total Material
     Flux                                 0 +/- 0
 Incoming Energy [0.0060256, 0.0063096)
   Total Material
     Flux                                 0 +/- 0
 Incoming Energy [0.0063096, 0.0066069)
   Total Material
     Flux                                 0 +/- 0
 Incoming Energy [0.0066069, 0.0069183)
   Total Material
     Flux                                 0 +/- 0
 Incoming Energy [0.0069183, 0.0072444)
   Total Material
     Flux                                 0 +/- 0
 Incoming Energy [0.0072444, 0.0075858)
   Total Material
     Flux                                 0 +/- 0
 Incoming Energy [0.0075858, 0.0079433)
   Total Material
     Flux                                 0 +/- 0
 Incoming Energy [0.0079433, 0.0083176)
   Total Material
     Flux                                 0 +/- 0
 Incoming Energy [0.0083176, 0.0087096)
   Total Material
     Flux                                 0 +/- 0
 Incoming Energy [0.0087096, 0.0091201)
   Total Material
     Flux                                 0 +/- 0
 Incoming Energy [0.0091201, 0.0095499)
   Total Material
     Flux                                 0 +/- 0
 Incoming Energy [0.0095499, 0.01)
   Total Material
     Flux                                 0 +/- 0
 Incoming Energy [0.01, 0.010471)
   Total Material
     Flux                                 0 +/- 0
 Incoming Energy [0.010471, 0.010965)
   Total Material
     Flux                                 0 +/- 0
 Incoming Energy [0.010965, 0.011482)
   Total Material
     Flux                                 0 +/- 0
 Incoming Energy [0.011482, 0.012023)
   Total Material
     Flux                                 0 +/- 0
 Incoming Energy [0.012023, 0.012589)
   Total Material
     Flux                                 0 +/- 0
 Incoming Energy [0.012589, 0.013183)
   Total Material
     Flux                                 0 +/- 0
 Incoming Energy [0.013183, 0.013804)
   Total Material
     Flux                                 0 +/- 0
 Incoming Energy [0.013804, 0.014454)
   Total Material
     Flux                                 0 +/- 0
 Incoming Energy [0.014454, 0.015136)
   Total Material
     Flux                                 0 +/- 0
 Incoming Energy [0.015136, 0.015849)
   Total Material
     Flux                                 0 +/- 0
 Incoming Energy [0.015849, 0.016596)
   Total Material
     Flux                                 0 +/- 0
 Incoming Energy [0.016596, 0.017378)
   Total Material
     Flux                                 0 +/- 0
 Incoming Energy [0.017378, 0.018197)
   Total Material
     Flux                                 0 +/- 0
 Incoming Energy [0.018197, 0.019055)
   Total Material
     Flux                                 0 +/- 0
 Incoming Energy [0.019055, 0.019953)
   Total Material
     Flux                                 0 +/- 0
 Incoming Energy [0.019953, 0.020893)
   Total Material
     Flux                                 0 +/- 0
 Incoming Energy [0.020893, 0.021878)
   Total Material
     Flux                                 0 +/- 0
 Incoming Energy [0.021878, 0.022909)
   Total Material
     Flux                                 0 +/- 0
 Incoming Energy [0.022909, 0.023988)
   Total Material
     Flux                                 0 +/- 0
 Incoming Energy [0.023988, 0.025119)
   Total Material
     Flux                                 0 +/- 0
 Incoming Energy [0.025119, 0.026303)
   Total Material
     Flux                                 0 +/- 0
 Incoming Energy [0.026303, 0.027542)
   Total Material
     Flux                                 0 +/- 0
 Incoming Energy [0.027542, 0.02884)
   Total Material
     Flux                                 0 +/- 0
 Incoming Energy [0.02884, 0.0302)
   Total Material
     Flux                                 0 +/- 0
 Incoming Energy [0.0302, 0.031623)
   Total Material
     Flux                                 0 +/- 0
 Incoming Energy [0.031623, 0.033113)
   Total Material
     Flux                                 0 +/- 0
 Incoming Energy [0.033113, 0.034674)
   Total Material
     Flux                                 0 +/- 0
 Incoming Energy [0.034674, 0.036308)
   Total Material
     Flux                                 0 +/- 0
 Incoming Energy [0.036308, 0.038019)
   Total Material
     Flux                                 0 +/- 0
 Incoming Energy [0.038019, 0.039811)
   Total Material
     Flux                                 0 +/- 0
 Incoming Energy [0.039811, 0.041687)
   Total Material
     Flux                                 0 +/- 0
 Incoming Energy [0.041687, 0.043652)
   Total Material
     Flux                                 0 +/- 0
 Incoming Energy [0.043652, 0.045709)
   Total Material
     Flux                                 0 +/- 0
 Incoming Energy [0.045709, 0.047863)
   Total Material
     Flux                                 0 +/- 0
 Incoming Energy [0.047863, 0.050119)
   Total Material
     Flux                                 0 +/- 0
 Incoming Energy [0.050119, 0.052481)
   Total Material
     Flux                                 0 +/- 0
 Incoming Energy [0.052481, 0.054954)
   Total Material
     Flux                                 0 +/- 0
 Incoming Energy [0.054954, 0.057544)
   Total Material
     Flux                                 0 +/- 0
 Incoming Energy [0.057544, 0.060256)
   Total Material
     Flux                                 0 +/- 0
 Incoming Energy [0.060256, 0.063096)
   Total Material
     Flux                                 0 +/- 0
 Incoming Energy [0.063096, 0.066069)
   Total Material
     Flux                                 0 +/- 0
 Incoming Energy [0.066069, 0.069183)
   Total Material
     Flux                                 0 +/- 0
 Incoming Energy [0.069183, 0.072444)
   Total Material
     Flux                                 0 +/- 0
 Incoming Energy [0.072444, 0.075858)
   Total Material
     Flux                                 0 +/- 0
 Incoming Energy [0.075858, 0.079433)
   Total Material
     Flux                                 0 +/- 0
 Incoming Energy [0.079433, 0.083176)
   Total Material
     Flux                                 0 +/- 0
 Incoming Energy [0.083176, 0.087096)
   Total Material
     Flux                                 0 +/- 0
 Incoming Energy [0.087096, 0.091201)
   Total Material
     Flux                                 0 +/- 0
 Incoming Energy [0.091201, 0.095499)
   Total Material
     Flux                                 0 +/- 0
 Incoming Energy [0.095499, 0.1)
   Total Material
     Flux                                 0 +/- 0
 Incoming Energy [0.1, 0.10471)
   Total Material
     Flux                                 0 +/- 0
 Incoming Energy [0.10471, 0.10965)
   Total Material
     Flux                                 0 +/- 0
 Incoming Energy [0.10965, 0.11482)
   Total Material
     Flux                                 0 +/- 0
 Incoming Energy [0.11482, 0.12023)
   Total Material
     Flux                                 0 +/- 0
 Incoming Energy [0.12023, 0.12589)
   Total Material
     Flux                                 0 +/- 0
 Incoming Energy [0.12589, 0.13183)
   Total Material
     Flux                                 0 +/- 0
 Incoming Energy [0.13183, 0.13804)
   Total Material
     Flux                                 0 +/- 0
 Incoming Energy [0.13804, 0.14454)
   Total Material
     Flux                                 0 +/- 0
 Incoming Energy [0.14454, 0.15136)
   Total Material
     Flux                                 0 +/- 0
 Incoming Energy [0.15136, 0.15849)
   Total Material
     Flux                                 0 +/- 0
 Incoming Energy [0.15849, 0.16596)
   Total Material
     Flux                                 0 +/- 0
 Incoming Energy [0.16596, 0.17378)
   Total Material
     Flux                                 0 +/- 0
 Incoming Energy [0.17378, 0.18197)
   Total Material
     Flux                                 0 +/- 0
 Incoming Energy [0.18197, 0.19055)
   Total Material
     Flux                                 0 +/- 0
 Incoming Energy [0.19055, 0.19953)
   Total Material
     Flux                                 0 +/- 0
 Incoming Energy [0.19953, 0.20893)
   Total Material
     Flux                                 0 +/- 0
 Incoming Energy [0.20893, 0.21878)
   Total Material
     Flux                                 0 +/- 0
 Incoming Energy [0.21878, 0.22909)
   Total Material
     Flux                                 0 +/- 0
 Incoming Energy [0.22909, 0.23988)
   Total Material
     Flux                                 0 +/- 0
 Incoming Energy [0.23988, 0.25119)
   Total Material
     Flux                                 0 +/- 0
 Incoming Energy [0.25119, 0.26303)
   Total Material
     Flux                                 0 +/- 0
 Incoming Energy [0.26303, 0.27542)
   Total Material
     Flux                                 0 +/- 0
 Incoming Energy [0.27542, 0.2884)
   Total Material
     Flux                                 0 +/- 0
 Incoming Energy [0.2884, 0.302)
   Total Material
     Flux                                 0 +/- 0
 Incoming Energy [0.302, 0.31623)
   Total Material
     Flux                                 0 +/- 0
 Incoming Energy [0.31623, 0.33113)
   Total Material
     Flux                                 0 +/- 0
 Incoming Energy [0.33113, 0.34674)
   Total Material
     Flux                                 0 +/- 0
 Incoming Energy [0.34674, 0.36308)
   Total Material
     Flux                                 0 +/- 0
 Incoming Energy [0.36308, 0.38019)
   Total Material
     Flux                                 0 +/- 0
 Incoming Energy [0.38019, 0.39811)
   Total Material
     Flux                                 0 +/- 0
 Incoming Energy [0.39811, 0.41687)
   Total Material
     Flux                                 0 +/- 0
 Incoming Energy [0.41687, 0.43652)
   Total Material
     Flux                                 0 +/- 0
 Incoming Energy [0.43652, 0.45709)
   Total Material
     Flux                                 0 +/- 0
 Incoming Energy [0.45709, 0.47863)
   Total Material
     Flux                                 0 +/- 0
 Incoming Energy [0.47863, 0.50119)
   Total Material
     Flux                                 0 +/- 0
 Incoming Energy [0.50119, 0.52481)
   Total Material
     Flux                                 0 +/- 0
 Incoming Energy [0.52481, 0.54954)
   Total Material
     Flux                                 0 +/- 0
 Incoming Energy [0.54954, 0.57544)
   Total Material
     Flux                                 0 +/- 0
 Incoming Energy [0.57544, 0.60256)
   Total Material
     Flux                                 0 +/- 0
 Incoming Energy [0.60256, 0.63096)
   Total Material
     Flux                                 0 +/- 0
 Incoming Energy [0.63096, 0.66069)
   Total Material
     Flux                                 0 +/- 0
 Incoming Energy [0.66069, 0.69183)
   Total Material
     Flux                                 0 +/- 0
 Incoming Energy [0.69183, 0.72444)
   Total Material
     Flux                                 0 +/- 0
 Incoming Energy [0.72444, 0.75858)
   Total Material
     Flux                                 0 +/- 0
 Incoming Energy [0.75858, 0.79433)
   Total Material
     Flux                                 0 +/- 0
 Incoming Energy [0.79433, 0.83176)
   Total Material
     Flux                                 0 +/- 0
 Incoming Energy [0.83176, 0.87096)
   Total Material
     Flux                                 0 +/- 0
 Incoming Energy [0.87096, 0.91201)
   Total Material
     Flux                                 0 +/- 0
 Incoming Energy [0.91201, 0.95499)
   Total Material
     Flux                                 0 +/- 0
 Incoming Energy [0.95499, 1)
   Total Material
     Flux                                 0 +/- 0
 Incoming Energy [1, 1.0471)
   Total Material
     Flux                                 0 +/- 0
 Incoming Energy [1.0471, 1.0965)
   Total Material
     Flux                                 0 +/- 0
 Incoming Energy [1.0965, 1.1482)
   Total Material
     Flux                                 0 +/- 0
 Incoming Energy [1.1482, 1.2023)
   Total Material
     Flux                                 0 +/- 0
 Incoming Energy [1.2023, 1.2589)
   Total Material
     Flux                                 0 +/- 0
 Incoming Energy [1.2589, 1.3183)
   Total Material
     Flux                                 0 +/- 0
 Incoming Energy [1.3183, 1.3804)
   Total Material
     Flux                                 0 +/- 0
 Incoming Energy [1.3804, 1.4454)
   Total Material
     Flux                                 0 +/- 0
 Incoming Energy [1.4454, 1.5136)
   Total Material
     Flux                                 0 +/- 0
 Incoming Energy [1.5136, 1.5849)
   Total Material
     Flux                                 0 +/- 0
 Incoming Energy [1.5849, 1.6596)
   Total Material
     Flux                                 0 +/- 0
 Incoming Energy [1.6596, 1.7378)
   Total Material
     Flux                                 0 +/- 0
 Incoming Energy [1.7378, 1.8197)
   Total Material
     Flux                                 0 +/- 0
 Incoming Energy [1.8197, 1.9055)
   Total Material
     Flux                                 0 +/- 0
 Incoming Energy [1.9055, 1.9953)
   Total Material
     Flux                                 0 +/- 0
 Incoming Energy [1.9953, 2.0893)
   Total Material
     Flux                                 0 +/- 0
 Incoming Energy [2.0893, 2.1878)
   Total Material
     Flux                                 0 +/- 0
 Incoming Energy [2.1878, 2.2909)
   Total Material
     Flux                                 0 +/- 0
 Incoming Energy [2.2909, 2.3988)
   Total Material
     Flux                                 0 +/- 0
 Incoming Energy [2.3988, 2.5119)
   Total Material
     Flux                                 0 +/- 0
 Incoming Energy [2.5119, 2.6303)
   Total Material
     Flux                                 0 +/- 0
 Incoming Energy [2.6303, 2.7542)
   Total Material
     Flux                                 0 +/- 0
 Incoming Energy [2.7542, 2.884)
   Total Material
     Flux                                 0 +/- 0
 Incoming Energy [2.884, 3.02)
   Total Material
     Flux                                 0 +/- 0
 Incoming Energy [3.02, 3.1623)
   Total Material
     Flux                                 0 +/- 0
 Incoming Energy [3.1623, 3.3113)
   Total Material
     Flux                                 0 +/- 0
 Incoming Energy [3.3113, 3.4674)
   Total Material
     Flux                                 0 +/- 0
 Incoming Energy [3.4674, 3.6308)
   Total Material
     Flux                                 0 +/- 0
 Incoming Energy [3.6308, 3.8019)
   Total Material
     Flux                                 0 +/- 0
 Incoming Energy [3.8019, 3.9811)
   Total Material
     Flux                                 0 +/- 0
 Incoming Energy [3.9811, 4.1687)
   Total Material
     Flux                                 0 +/- 0
 Incoming Energy [4.1687, 4.3652)
   Total Material
     Flux                                 0 +/- 0
 Incoming Energy [4.3652, 4.5709)
   Total Material
     Flux                                 0 +/- 0
 Incoming Energy [4.5709, 4.7863)
   Total Material
     Flux                                 0 +/- 0
 Incoming Energy [4.7863, 5.0119)
   Total Material
     Flux                                 0 +/- 0
 Incoming Energy [5.0119, 5.2481)
   Total Material
     Flux                                 0 +/- 0
 Incoming Energy [5.2481, 5.4954)
   Total Material
     Flux                                 0 +/- 0
 Incoming Energy [5.4954, 5.7544)
   Total Material
     Flux                                 0 +/- 0
 Incoming Energy [5.7544, 6.0256)
   Total Material
     Flux                                 0 +/- 0
 Incoming Energy [6.0256, 6.3096)
   Total Material
     Flux                                 0 +/- 0
 Incoming Energy [6.3096, 6.6069)
   Total Material
     Flux                                 0 +/- 0
 Incoming Energy [6.6069, 6.9183)
   Total Material
     Flux                                 0 +/- 0
 Incoming Energy [6.9183, 7.2444)
   Total Material
     Flux                                 0 +/- 0
 Incoming Energy [7.2444, 7.5858)
   Total Material
     Flux                                 0 +/- 0
 Incoming Energy [7.5858, 7.9433)
   Total Material
     Flux                                 0 +/- 0
 Incoming Energy [7.9433, 8.3176)
   Total Material
     Flux                                 0 +/- 0
 Incoming Energy [8.3176, 8.7096)
   Total Material
     Flux                                 0 +/- 0
 Incoming Energy [8.7096, 9.1201)
   Total Material
     Flux                                 0 +/- 0
 Incoming Energy [9.1201, 9.5499)
   Total Material
     Flux                                 0 +/- 0
 Incoming Energy [9.5499, 10)
   Total Material
     Flux                                 0 +/- 0
 Incoming Energy [10, 10.471)
   Total Material
     Flux                                 0 +/- 0
 Incoming Energy [10.471, 10.965)
   Total Material
     Flux                                 0 +/- 0
 Incoming Energy [10.965, 11.482)
   Total Material
     Flux                                 0 +/- 0
 Incoming Energy [11.482, 12.023)
   Total Material
     Flux                                 0 +/- 0
 Incoming Energy [12.023, 12.589)
   Total Material
     Flux                                 0 +/- 0
 Incoming Energy [12.589, 13.183)
   Total Material
     Flux                                 0 +/- 0
 Incoming Energy [13.183, 13.804)
   Total Material
     Flux                                 0 +/- 0
 Incoming Energy [13.804, 14.454)
   Total Material
     Flux                                 0 +/- 0
 Incoming Energy [14.454, 15.136)
   Total Material
     Flux                                 0 +/- 0
 Incoming Energy [15.136, 15.849)
   Total Material
     Flux                                 0 +/- 0
 Incoming Energy [15.849, 16.596)
   Total Material
     Flux                                 0 +/- 0
 Incoming Energy [16.596, 17.378)
   Total Material
     Flux                                 0 +/- 0
 Incoming Energy [17.378, 18.197)
   Total Material
     Flux                                 0 +/- 0
 Incoming Energy [18.197, 19.055)
   Total Material
     Flux                                 0 +/- 0
 Incoming Energy [19.055, 19.953)
   Total Material
     Flux                                 0 +/- 0
 Incoming Energy [19.953, 20.893)
   Total Material
     Flux                                 0 +/- 0
 Incoming Energy [20.893, 21.878)
   Total Material
     Flux                                 0 +/- 0
 Incoming Energy [21.878, 22.909)
   Total Material
     Flux                                 0 +/- 0
 Incoming Energy [22.909, 23.988)
   Total Material
     Flux                                 0 +/- 0
 Incoming Energy [23.988, 25.119)
   Total Material
     Flux                                 0 +/- 0
 Incoming Energy [25.119, 26.303)
   Total Material
     Flux                                 0 +/- 0
 Incoming Energy [26.303, 27.542)
   Total Material
     Flux                                 0 +/- 0
 Incoming Energy [27.542, 28.84)
   Total Material
     Flux                                 0 +/- 0
 Incoming Energy [28.84, 30.2)
   Total Material
     Flux                                 0 +/- 0
 Incoming Energy [30.2, 31.623)
   Total Material
     Flux                                 0 +/- 0
 Incoming Energy [31.623, 33.113)
   Total Material
     Flux                                 0 +/- 0
 Incoming Energy [33.113, 34.674)
   Total Material
     Flux                                 0 +/- 0
 Incoming Energy [34.674, 36.308)
   Total Material
     Flux                                 0 +/- 0
 Incoming Energy [36.308, 38.019)
   Total Material
     Flux                                 0 +/- 0
 Incoming Energy [38.019, 39.811)
   Total Material
     Flux                                 0 +/- 0
 Incoming Energy [39.811, 41.687)
   Total Material
     Flux                                 0 +/- 0
 Incoming Energy [41.687, 43.652)
   Total Material
     Flux                                 0 +/- 0
 Incoming Energy [43.652, 45.709)
   Total Material
     Flux                                 0 +/- 0
 Incoming Energy [45.709, 47.863)
   Total Material
     Flux                                 0 +/- 0
 Incoming Energy [47.863, 50.119)
   Total Material
     Flux                                 3.75202e-07 +/- 3.75202e-07
 Incoming Energy [50.119, 52.481)
   Total Material
     Flux                                 0 +/- 0
 Incoming Energy [52.481, 54.954)
   Total Material
     Flux                                 0 +/- 0
 Incoming Energy [54.954, 57.544)
   Total Material
     Flux                                 0 +/- 0
 Incoming Energy [57.544, 60.256)
   Total Material
     Flux                                 0 +/- 0
 Incoming Energy [60.256, 63.096)
   Total Material
     Flux                                 4.42224e-07 +/- 4.42224e-07
 Incoming Energy [63.096, 66.069)
   Total Material
     Flux                                 0 +/- 0
 Incoming Energy [66.069, 69.183)
   Total Material
     Flux                                 0 +/- 0
 Incoming Energy [69.183, 72.444)
   Total Material
     Flux                                 0 +/- 0
 Incoming Energy [72.444, 75.858)
   Total Material
     Flux                                 0 +/- 0
 Incoming Energy [75.858, 79.433)
   Total Material
     Flux                                 0 +/- 0
 Incoming Energy [79.433, 83.176)
   Total Material
     Flux                                 0 +/- 0
 Incoming Energy [83.176, 87.096)
   Total Material
     Flux                                 0 +/- 0
 Incoming Energy [87.096, 91.201)
   Total Material
     Flux                                 0 +/- 0
 Incoming Energy [91.201, 95.499)
   Total Material
     Flux                                 0 +/- 0
 Incoming Energy [95.499, 100)
   Total Material
     Flux                                 0 +/- 0
 Incoming Energy [100, 104.71)
   Total Material
     Flux                                 0 +/- 0
 Incoming Energy [104.71, 109.65)
   Total Material
     Flux                                 0 +/- 0
 Incoming Energy [109.65, 114.82)
   Total Material
     Flux                                 0 +/- 0
 Incoming Energy [114.82, 120.23)
   Total Material
     Flux                                 7.36327e-08 +/- 7.36327e-08
 Incoming Energy [120.23, 125.89)
   Total Material
     Flux                                 0 +/- 0
 Incoming Energy [125.89, 131.83)
   Total Material
     Flux                                 0 +/- 0
 Incoming Energy [131.83, 138.04)
   Total Material
     Flux                                 0 +/- 0
 Incoming Energy [138.04, 144.54)
   Total Material
     Flux                                 0 +/- 0
 Incoming Energy [144.54, 151.36)
   Total Material
     Flux                                 0 +/- 0
 Incoming Energy [151.36, 158.49)
   Total Material
     Flux                                 0 +/- 0
 Incoming Energy [158.49, 165.96)
   Total Material
     Flux                                 0 +/- 0
 Incoming Energy [165.96, 173.78)
   Total Material
     Flux                                 0 +/- 0
 Incoming Energy [173.78, 181.97)
   Total Material
     Flux                                 0 +/- 0
 Incoming Energy [181.97, 190.55)
   Total Material
     Flux                                 0 +/- 0
 Incoming Energy [190.55, 199.53)
   Total Material
     Flux                                 0 +/- 0
 Incoming Energy [199.53, 208.93)
   Total Material
     Flux                                 1.71221e-06 +/- 1.64034e-06
 Incoming Energy [208.93, 218.78)
   Total Material
     Flux                                 1.69706e-06 +/- 1.69706e-06
 Incoming Energy [218.78, 229.09)
   Total Material
     Flux                                 0 +/- 0
 Incoming Energy [229.09, 239.88)
   Total Material
     Flux                                 0 +/- 0
 Incoming Energy [239.88, 251.19)
   Total Material
     Flux                                 1.91819e-06 +/- 1.80715e-06
 Incoming Energy [251.19, 263.03)
   Total Material
     Flux                                 0 +/- 0
 Incoming Energy [263.03, 275.42)
   Total Material
     Flux                                 0 +/- 0
 Incoming Energy [275.42, 288.4)
   Total Material
     Flux                                 5.09425e-07 +/- 5.03758e-07
 Incoming Energy [288.4, 302)
   Total Material
     Flux                                 0 +/- 0
 Incoming Energy [302, 316.23)
   Total Material
     Flux                                 0 +/- 0
 Incoming Energy [316.23, 331.13)
   Total Material
     Flux                                 7.57289e-07 +/- 7.57289e-07
 Incoming Energy [331.13, 346.74)
   Total Material
     Flux                                 1.86096e-06 +/- 1.86096e-06
 Incoming Energy [346.74, 363.08)
   Total Material
     Flux                                 9.33988e-07 +/- 7.82177e-07
 Incoming Energy [363.08, 380.19)
   Total Material
     Flux                                 1.17835e-06 +/- 1.17835e-06
 Incoming Energy [380.19, 398.11)
   Total Material
     Flux                                 2.6534e-06 +/- 2.6534e-06
 Incoming Energy [398.11, 416.87)
   Total Material
     Flux                                 0 +/- 0
 Incoming Energy [416.87, 436.52)
   Total Material
     Flux                                 4.30709e-07 +/- 4.30709e-07
 Incoming Energy [436.52, 457.09)
   Total Material
     Flux                                 3.09015e-07 +/- 3.09015e-07
 Incoming Energy [457.09, 478.63)
   Total Material
     Flux                                 3.78943e-07 +/- 3.78943e-07
 Incoming Energy [478.63, 501.19)
   Total Material
     Flux                                 1.0261e-07 +/- 1.0261e-07
 Incoming Energy [501.19, 524.81)
   Total Material
     Flux                                 2.16745e-06 +/- 1.88303e-06
 Incoming Energy [524.81, 549.54)
   Total Material
     Flux                                 4.25035e-06 +/- 2.57608e-06
 Incoming Energy [549.54, 575.44)
   Total Material
     Flux                                 7.42433e-07 +/- 5.27044e-07
 Incoming Energy [575.44, 602.56)
   Total Material
     Flux                                 2.49251e-06 +/- 1.79235e-06
 Incoming Energy [602.56, 630.96)
   Total Material
     Flux                                 9.7117e-07 +/- 6.53793e-07
 Incoming Energy [630.96, 660.69)
   Total Material
     Flux                                 8.78512e-06 +/- 5.29001e-06
 Incoming Energy [660.69, 691.83)
   Total Material
     Flux                                 1.11195e-06 +/- 7.90728e-07
 Incoming Energy [691.83, 724.44)
   Total Material
     Flux                                 0 +/- 0
 Incoming Energy [724.44, 758.58)
   Total Material
     Flux                                 0 +/- 0
 Incoming Energy [758.58, 794.33)
   Total Material
     Flux                                 3.42719e-06 +/- 2.06895e-06
 Incoming Energy [794.33, 831.76)
   Total Material
     Flux                                 6.75706e-06 +/- 3.20627e-06
 Incoming Energy [831.76, 870.96)
   Total Material
     Flux                                 1.08661e-06 +/- 5.92699e-07
 Incoming Energy [870.96, 912.01)
   Total Material
     Flux                                 3.76122e-06 +/- 3.49836e-06
 Incoming Energy [912.01, 954.99)
   Total Material
     Flux                                 4.11554e-06 +/- 2.39109e-06
 Incoming Energy [954.99, 1000)
   Total Material
     Flux                                 4.74616e-06 +/- 2.44314e-06
 Incoming Energy [1000, 1047.1)
   Total Material
     Flux                                 5.89463e-06 +/- 4.76335e-06
 Incoming Energy [1047.1, 1096.5)
   Total Material
     Flux                                 1.54749e-06 +/- 1.06691e-06
 Incoming Energy [1096.5, 1148.2)
   Total Material
     Flux                                 2.32823e-07 +/- 1.97231e-07
 Incoming Energy [1148.2, 1202.3)
   Total Material
     Flux                                 1.12822e-05 +/- 5.33049e-06
 Incoming Energy [1202.3, 1258.9)
   Total Material
     Flux                                 1.3336e-05 +/- 6.39201e-06
 Incoming Energy [1258.9, 1318.3)
   Total Material
     Flux                                 5.70557e-06 +/- 3.512e-06
 Incoming Energy [1318.3, 1380.4)
   Total Material
     Flux                                 1.31568e-05 +/- 5.86311e-06
 Incoming Energy [1380.4, 1445.4)
   Total Material
     Flux                                 1.35205e-05 +/- 6.22229e-06
 Incoming Energy [1445.4, 1513.6)
   Total Material
     Flux                                 1.07362e-05 +/- 4.79759e-06
 Incoming Energy [1513.6, 1584.9)
   Total Material
     Flux                                 1.16671e-05 +/- 4.87713e-06
 Incoming Energy [1584.9, 1659.6)
   Total Material
     Flux                                 1.71732e-06 +/- 9.52805e-07
 Incoming Energy [1659.6, 1737.8)
   Total Material
     Flux                                 1.08396e-05 +/- 5.60988e-06
 Incoming Energy [1737.8, 1819.7)
   Total Material
     Flux                                 7.60655e-06 +/- 4.39554e-06
 Incoming Energy [1819.7, 1905.5)
   Total Material
     Flux                                 1.03219e-05 +/- 3.77947e-06
 Incoming Energy [1905.5, 1995.3)
   Total Material
     Flux                                 2.70023e-05 +/- 7.51044e-06
 Incoming Energy [1995.3, 2089.3)
   Total Material
     Flux                                 2.34841e-05 +/- 8.00672e-06
 Incoming Energy [2089.3, 2187.8)
   Total Material
     Flux                                 3.74409e-05 +/- 1.07955e-05
 Incoming Energy [2187.8, 2290.9)
   Total Material
     Flux                                 2.22526e-05 +/- 7.37415e-06
 Incoming Energy [2290.9, 2398.8)
   Total Material
     Flux                                 2.72169e-05 +/- 8.43647e-06
 Incoming Energy [2398.8, 2511.9)
   Total Material
     Flux                                 2.29457e-05 +/- 8.89972e-06
 Incoming Energy [2511.9, 2630.3)
   Total Material
     Flux                                 3.21853e-05 +/- 9.7045e-06
 Incoming Energy [2630.3, 2754.2)
   Total Material
     Flux                                 1.6799e-05 +/- 5.42603e-06
 Incoming Energy [2754.2, 2884)
   Total Material
     Flux                                 2.56374e-05 +/- 7.85148e-06
 Incoming Energy [2884, 3020)
   Total Material
     Flux                                 2.77211e-05 +/- 9.52125e-06
 Incoming Energy [3020, 3162.3)
   Total Material
     Flux                                 3.57393e-05 +/- 1.05093e-05
 Incoming Energy [3162.3, 3311.3)
   Total Material
     Flux                                 2.35744e-05 +/- 6.98301e-06
 Incoming Energy [3311.3, 3467.4)
   Total Material
     Flux                                 3.96788e-05 +/- 1.00543e-05
 Incoming Energy [3467.4, 3630.8)
   Total Material
     Flux                                 3.05312e-05 +/- 7.93868e-06
 Incoming Energy [3630.8, 3801.9)
   Total Material
     Flux                                 4.26047e-05 +/- 1.2008e-05
 Incoming Energy [3801.9, 3981.1)
   Total Material
     Flux                                 3.7793e-05 +/- 9.70957e-06
 Incoming Energy [3981.1, 4168.7)
   Total Material
     Flux                                 4.13235e-05 +/- 1.07473e-05
 Incoming Energy [4168.7, 4365.2)
   Total Material
     Flux                                 4.81096e-05 +/- 1.12557e-05
 Incoming Energy [4365.2, 4570.9)
   Total Material
     Flux                                 5.87698e-05 +/- 1.4396e-05
 Incoming Energy [4570.9, 4786.3)
   Total Material
     Flux                                 5.83469e-05 +/- 1.26668e-05
 Incoming Energy [4786.3, 5011.9)
   Total Material
     Flux                                 7.00312e-05 +/- 1.29808e-05
 Incoming Energy [5011.9, 5248.1)
   Total Material
     Flux                                 9.40646e-05 +/- 1.81965e-05
 Incoming Energy [5248.1, 5495.4)
   Total Material
     Flux                                 8.62987e-05 +/- 1.59459e-05
 Incoming Energy [5495.4, 5754.4)
   Total Material
     Flux                                 0.000105734 +/- 1.68997e-05
 Incoming Energy [5754.4, 6025.6)
   Total Material
     Flux                                 8.76164e-05 +/- 1.63365e-05
 Incoming Energy [6025.6, 6309.6)
   Total Material
     Flux                                 8.79473e-05 +/- 1.68211e-05
 Incoming Energy [6309.6, 6606.9)
   Total Material
     Flux                                 8.37446e-05 +/- 1.3928e-05
 Incoming Energy [6606.9, 6918.3)
   Total Material
     Flux                                 0.000102052 +/- 1.5279e-05
 Incoming Energy [6918.3, 7244.4)
   Total Material
     Flux                                 0.00010982 +/- 1.65407e-05
 Incoming Energy [7244.4, 7585.8)
   Total Material
     Flux                                 0.000173649 +/- 2.62813e-05
 Incoming Energy [7585.8, 7943.3)
   Total Material
     Flux                                 0.000163953 +/- 2.4546e-05
 Incoming Energy [7943.3, 8317.6)
   Total Material
     Flux                                 0.000159254 +/- 2.20169e-05
 Incoming Energy [8317.6, 8709.6)
   Total Material
     Flux                                 0.000186971 +/- 2.25495e-05
 Incoming Energy [8709.6, 9120.1)
   Total Material
     Flux                                 0.000215826 +/- 2.62311e-05
 Incoming Energy [9120.1, 9549.9)
   Total Material
     Flux                                 0.00018976 +/- 2.46266e-05
 Incoming Energy [9549.9, 10000)
   Total Material
     Flux                                 0.000202341 +/- 2.46414e-05
 Incoming Energy [10000, 10471)
   Total Material
     Flux                                 0.000227665 +/- 2.47537e-05
 Incoming Energy [10471, 10965)
   Total Material
     Flux                                 0.000253802 +/- 2.64623e-05
 Incoming Energy [10965, 11482)
   Total Material
     Flux                                 0.000269169 +/- 2.86964e-05
 Incoming Energy [11482, 12023)
   Total Material
     Flux                                 0.000305235 +/- 3.14155e-05
 Incoming Energy [12023, 12589)
   Total Material
     Flux                                 0.000289999 +/- 2.58891e-05
 Incoming Energy [12589, 13183)
   Total Material
     Flux                                 0.000335573 +/- 3.11176e-05
 Incoming Energy [13183, 13804)
   Total Material
     Flux                                 0.000368599 +/- 3.46971e-05
 Incoming Energy [13804, 14454)
   Total Material
     Flux                                 0.000425528 +/- 3.97188e-05
 Incoming Energy [14454, 15136)
   Total Material
     Flux                                 0.000416533 +/- 3.55654e-05
 Incoming Energy [15136, 15849)
   Total Material
     Flux                                 0.000549809 +/- 3.97744e-05
 Incoming Energy [15849, 16596)
   Total Material
     Flux                                 0.000545234 +/- 4.20948e-05
 Incoming Energy [16596, 17378)
   Total Material
     Flux                                 0.000572631 +/- 3.95131e-05
 Incoming Energy [17378, 18197)
   Total Material
     Flux                                 0.0005257 +/- 3.63352e-05
 Incoming Energy [18197, 19055)
   Total Material
     Flux                                 0.000578173 +/- 4.6536e-05
 Incoming Energy [19055, 19953)
   Total Material
     Flux                                 0.000611912 +/- 4.27269e-05
 Incoming Energy [19953, 20893)
   Total Material
     Flux                                 0.000675392 +/- 4.34485e-05
 Incoming Energy [20893, 21878)
   Total Material
     Flux                                 0.000677024 +/- 4.26205e-05
 Incoming Energy [21878, 22909)
   Total Material
     Flux                                 0.000815143 +/- 4.99332e-05
 Incoming Energy [22909, 23988)
   Total Material
     Flux                                 0.000799684 +/- 4.46828e-05
 Incoming Energy [23988, 25119)
   Total Material
     Flux                                 0.000881332 +/- 4.95319e-05
 Incoming Energy [25119, 26303)
   Total Material
     Flux                                 0.000943381 +/- 5.60403e-05
 Incoming Energy [26303, 27542)
   Total Material
     Flux                                 0.00114919 +/- 5.66934e-05
 Incoming Energy [27542, 28840)
   Total Material
     Flux                                 0.00122794 +/- 5.93697e-05
 Incoming Energy [28840, 30200)
   Total Material
     Flux                                 0.00119614 +/- 6.09783e-05
 Incoming Energy [30200, 31623)
   Total Material
     Flux                                 0.00127393 +/- 6.71038e-05
 Incoming Energy [31623, 33113)
   Total Material
     Flux                                 0.00152194 +/- 6.87538e-05
 Incoming Energy [33113, 34674)
   Total Material
     Flux                                 0.00155313 +/- 7.0126e-05
 Incoming Energy [34674, 36308)
   Total Material
     Flux                                 0.00166141 +/- 6.86145e-05
 Incoming Energy [36308, 38019)
   Total Material
     Flux                                 0.00173634 +/- 7.5811e-05
 Incoming Energy [38019, 39811)
   Total Material
     Flux                                 0.00186164 +/- 7.6067e-05
 Incoming Energy [39811, 41687)
   Total Material
     Flux                                 0.00214069 +/- 7.88395e-05
 Incoming Energy [41687, 43652)
   Total Material
     Flux                                 0.0023102 +/- 8.22086e-05
 Incoming Energy [43652, 45709)
   Total Material
     Flux                                 0.00241101 +/- 9.33385e-05
 Incoming Energy [45709, 47863)
   Total Material
     Flux                                 0.00264939 +/- 9.57704e-05
 Incoming Energy [47863, 50119)
   Total Material
     Flux                                 0.00279114 +/- 9.71856e-05
 Incoming Energy [50119, 52481)
   Total Material
     Flux                                 0.00303028 +/- 9.8229e-05
 Incoming Energy [52481, 54954)
   Total Material
     Flux                                 0.00313293 +/- 0.000107202
 Incoming Energy [54954, 57544)
   Total Material
     Flux                                 0.00340711 +/- 0.00011182
 Incoming Energy [57544, 60256)
   Total Material
     Flux                                 0.00374313 +/- 0.000113738
 Incoming Energy [60256, 63096)
   Total Material
     Flux                                 0.0040527 +/- 0.000115968
 Incoming Energy [63096, 66069)
   Total Material
     Flux                                 0.00431682 +/- 0.000124398
 Incoming Energy [66069, 69183)
   Total Material
     Flux                                 0.00470294 +/- 0.000123508
 Incoming Energy [69183, 72444)
   Total Material
     Flux                                 0.0048144 +/- 0.000129363
 Incoming Energy [72444, 75858)
   Total Material
     Flux                                 0.00523662 +/- 0.000124799
 Incoming Energy [75858, 79433)
   Total Material
     Flux                                 0.00566534 +/- 0.00013675
 Incoming Energy [79433, 83176)
   Total Material
     Flux                                 0.00593519 +/- 0.000127612
 Incoming Energy [83176, 87096)
   Total Material
     Flux                                 0.00622515 +/- 0.000133844
 Incoming Energy [87096, 91201)
   Total Material
     Flux                                 0.00674697 +/- 0.000136033
 Incoming Energy [91201, 95499)
   Total Material
     Flux                                 0.00710254 +/- 0.000161122
 Incoming Energy [95499, 100000)
   Total Material
     Flux                                 0.00765171 +/- 0.000148618
 Incoming Energy [100000, 104710)
   Total Material
     Flux                                 0.00825324 +/- 0.000167928
 Incoming Energy [104710, 109650)
   Total Material
     Flux                                 0.0088349 +/- 0.000166228
 Incoming Energy [109650, 114820)
   Total Material
     Flux                                 0.00902972 +/- 0.000158353
 Incoming Energy [114820, 120230)
   Total Material
     Flux                                 0.00966559 +/- 0.000171803
 Incoming Energy [120230, 125890)
   Total Material
     Flux                                 0.0105104 +/- 0.000185035
 Incoming Energy [125890, 131830)
   Total Material
     Flux                                 0.0112297 +/- 0.00019121
 Incoming Energy [131830, 138040)
   Total Material
     Flux                                 0.0116321 +/- 0.000201203
 Incoming Energy [138040, 144540)
   Total Material
     Flux                                 0.0121971 +/- 0.000194678
 Incoming Energy [144540, 151360)
   Total Material
     Flux                                 0.0135538 +/- 0.000219192
 Incoming Energy [151360, 158490)
   Total Material
     Flux                                 0.0142132 +/- 0.000219779
 Incoming Energy [158490, 165960)
   Total Material
     Flux                                 0.0149339 +/- 0.000219484
 Incoming Energy [165960, 173780)
   Total Material
     Flux                                 0.0162487 +/- 0.000231033
 Incoming Energy [173780, 181970)
   Total Material
     Flux                                 0.0165332 +/- 0.000240999
 Incoming Energy [181970, 190550)
   Total Material
     Flux                                 0.0179618 +/- 0.000228881
 Incoming Energy [190550, 199530)
   Total Material
     Flux                                 0.0190381 +/- 0.000256238
 Incoming Energy [199530, 208930)
   Total Material
     Flux                                 0.0202718 +/- 0.000234614
 Incoming Energy [208930, 218780)
   Total Material
     Flux                                 0.0212832 +/- 0.000245749
 Incoming Energy [218780, 229090)
   Total Material
     Flux                                 0.0227443 +/- 0.000244799
 Incoming Energy [229090, 239880)
   Total Material
     Flux                                 0.0241327 +/- 0.000276191
 Incoming Energy [239880, 251190)
   Total Material
     Flux                                 0.0252329 +/- 0.000294008
 Incoming Energy [251190, 263030)
   Total Material
     Flux                                 0.0259554 +/- 0.000289651
 Incoming Energy [263030, 275420)
   Total Material
     Flux                                 0.0276707 +/- 0.000315166
 Incoming Energy [275420, 288400)
   Total Material
     Flux                                 0.0287958 +/- 0.000315075
 Incoming Energy [288400, 302000)
   Total Material
     Flux                                 0.0299249 +/- 0.000309548
 Incoming Energy [302000, 316230)
   Total Material
     Flux                                 0.0319906 +/- 0.000298268
 Incoming Energy [316230, 331130)
   Total Material
     Flux                                 0.0333469 +/- 0.000340973
 Incoming Energy [331130, 346740)
   Total Material
     Flux                                 0.0346604 +/- 0.000348479
 Incoming Energy [346740, 363080)
   Total Material
     Flux                                 0.0364469 +/- 0.000350044
 Incoming Energy [363080, 380190)
   Total Material
     Flux                                 0.0373672 +/- 0.00033362
 Incoming Energy [380190, 398110)
   Total Material
     Flux                                 0.0399304 +/- 0.000358821
 Incoming Energy [398110, 416870)
   Total Material
     Flux                                 0.0418973 +/- 0.000342013
 Incoming Energy [416870, 436520)
   Total Material
     Flux                                 0.0426852 +/- 0.000341987
 Incoming Energy [436520, 457090)
   Total Material
     Flux                                 0.0448685 +/- 0.000399358
 Incoming Energy [457090, 478630)
   Total Material
     Flux                                 0.0462122 +/- 0.000390386
 Incoming Energy [478630, 501190)
   Total Material
     Flux                                 0.0492501 +/- 0.00036136
 Incoming Energy [501190, 524810)
   Total Material
     Flux                                 0.0504511 +/- 0.000378255
 Incoming Energy [524810, 549540)
   Total Material
     Flux                                 0.0523029 +/- 0.000395704
 Incoming Energy [549540, 575440)
   Total Material
     Flux                                 0.0537366 +/- 0.000428255
 Incoming Energy [575440, 602560)
   Total Material
     Flux                                 0.0553422 +/- 0.000461283
 Incoming Energy [602560, 630960)
   Total Material
     Flux                                 0.0569265 +/- 0.000404242
 Incoming Energy [630960, 660690)
   Total Material
     Flux                                 0.0571641 +/- 0.000412007
 Incoming Energy [660690, 691830)
   Total Material
     Flux                                 0.0588875 +/- 0.000428244
 Incoming Energy [691830, 724440)
   Total Material
     Flux                                 0.0615385 +/- 0.000457613
 Incoming Energy [724440, 758580)
   Total Material
     Flux                                 0.0619286 +/- 0.000413526
 Incoming Energy [758580, 794330)
   Total Material
     Flux                                 0.0639119 +/- 0.000441669
 Incoming Energy [794330, 831760)
   Total Material
     Flux                                 0.0653397 +/- 0.000409562
 Incoming Energy [831760, 870960)
   Total Material
     Flux                                 0.0672339 +/- 0.000435382
 Incoming Energy [870960, 912010)
   Total Material
     Flux                                 0.0688178 +/- 0.00048412
 Incoming Energy [912010, 954990)
   Total Material
     Flux                                 0.0708992 +/- 0.000414965
 Incoming Energy [954990, 1000000)
   Total Material
     Flux                                 0.0718306 +/- 0.000455234
 Incoming Energy [1000000, 1047100)
   Total Material
     Flux                                 0.0733061 +/- 0.00052565
 Incoming Energy [1047100, 1096500)
   Total Material
     Flux                                 0.0741331 +/- 0.000481237
 Incoming Energy [1096500, 1148200)
   Total Material
     Flux                                 0.0751793 +/- 0.000481608
 Incoming Energy [1148200, 1202300)
   Total Material
     Flux                                 0.0777677 +/- 0.000465115
 Incoming Energy [1202300, 1258900)
   Total Material
     Flux                                 0.0784686 +/- 0.000520899
 Incoming Energy [1258900, 1318300)
   Total Material
     Flux                                 0.0795903 +/- 0.000476521
 Incoming Energy [1318300, 1380400)
   Total Material
     Flux                                 0.0797744 +/- 0.000504555
 Incoming Energy [1380400, 1445400)
   Total Material
     Flux                                 0.0804266 +/- 0.000467856
 Incoming Energy [1445400, 1513600)
   Total Material
     Flux                                 0.0818079 +/- 0.000474072
 Incoming Energy [1513600, 1584900)
   Total Material
     Flux                                 0.0820623 +/- 0.00049782
 Incoming Energy [1584900, 1659600)
   Total Material
     Flux                                 0.0836231 +/- 0.000500289
 Incoming Energy [1659600, 1737800)
   Total Material
     Flux                                 0.0843444 +/- 0.000456573
 Incoming Energy [1737800, 1819700)
   Total Material
     Flux                                 0.0854338 +/- 0.00050948
 Incoming Energy [1819700, 1905500)
   Total Material
     Flux                                 0.085216 +/- 0.000496893
 Incoming Energy [1905500, 1995300)
   Total Material
     Flux                                 0.0854012 +/- 0.000474119
 Incoming Energy [1995300, 2089300)
   Total Material
     Flux                                 0.0846298 +/- 0.000532391
 Incoming Energy [2089300, 2187800)
   Total Material
     Flux                                 0.0843889 +/- 0.000465115
 Incoming Energy [2187800, 2290900)
   Total Material
     Flux                                 0.0851135 +/- 0.000491909
 Incoming Energy [2290900, 2398800)
   Total Material
     Flux                                 0.0825246 +/- 0.000465291
 Incoming Energy [2398800, 2511900)
   Total Material
     Flux                                 0.0822053 +/- 0.000499839
 Incoming Energy [2511900, 2630300)
   Total Material
     Flux                                 0.0810097 +/- 0.000461006
 Incoming Energy [2630300, 2754200)
   Total Material
     Flux                                 0.0782809 +/- 0.000472966
 Incoming Energy [2754200, 2884000)
   Total Material
     Flux                                 0.076403 +/- 0.000491507
 Incoming Energy [2884000, 3020000)
   Total Material
     Flux                                 0.0750916 +/- 0.000434435
 Incoming Energy [3020000, 3162300)
   Total Material
     Flux                                 0.0728626 +/- 0.000430947
 Incoming Energy [3162300, 3311300)
   Total Material
     Flux                                 0.0701889 +/- 0.000428792
 Incoming Energy [3311300, 3467400)
   Total Material
     Flux                                 0.0663567 +/- 0.000465541
 Incoming Energy [3467400, 3630800)
   Total Material
     Flux                                 0.064306 +/- 0.000436908
 Incoming Energy [3630800, 3801900)
   Total Material
     Flux                                 0.0604399 +/- 0.000435141
 Incoming Energy [3801900, 3981100)
   Total Material
     Flux                                 0.0574315 +/- 0.000405889
 Incoming Energy [3981100, 4168700)
   Total Material
     Flux                                 0.053625 +/- 0.000385912
 Incoming Energy [4168700, 4365200)
   Total Material
     Flux                                 0.050321 +/- 0.000377209
 Incoming Energy [4365200, 4570900)
   Total Material
     Flux                                 0.0469186 +/- 0.000382604
 Incoming Energy [4570900, 4786300)
   Total Material
     Flux                                 0.0420886 +/- 0.000348506
 Incoming Energy [4786300, 5011900)
   Total Material
     Flux                                 0.0388476 +/- 0.000351202
 Incoming Energy [5011900, 5248100)
   Total Material
     Flux                                 0.0353944 +/- 0.000329436
 Incoming Energy [5248100, 5495400)
   Total Material
     Flux                                 0.0321912 +/- 0.000298159
 Incoming Energy [5495400, 5754400)
   Total Material
     Flux                                 0.0286289 +/- 0.000276363
 Incoming Energy [5754400, 6025600)
   Total Material
     Flux                                 0.0248299 +/- 0.000246095
 Incoming Energy [6025600, 6309600)
   Total Material
     Flux                                 0.0223163 +/- 0.000255844
 Incoming Energy [6309600, 6606900)
   Total Material
     Flux                                 0.0193586 +/- 0.000237028
 Incoming Energy [6606900, 6918300)
   Total Material
     Flux                                 0.0167716 +/- 0.000231272
 Incoming Energy [6918300, 7244400)
   Total Material
     Flux                                 0.0140282 +/- 0.000199733
 Incoming Energy [7244400, 7585800)
   Total Material
     Flux                                 0.0119033 +/- 0.000184874
 Incoming Energy [7585800, 7943300)
   Total Material
     Flux                                 0.00970258 +/- 0.000178576
 Incoming Energy [7943300, 8317600)
   Total Material
     Flux                                 0.00768526 +/- 0.000127959
 Incoming Energy [8317600, 8709600)
   Total Material
     Flux                                 0.00621937 +/- 0.000135198
 Incoming Energy [8709600, 9120100)
   Total Material
     Flux                                 0.00495672 +/- 0.000120767
 Incoming Energy [9120100, 9549900)
   Total Material
     Flux                                 0.00390017 +/- 0.000121758
 Incoming Energy [9549900, 10000000)
   Total Material
     Flux                                 0.00313659 +/- 9.87775e-05
 Incoming Energy [10000000, 10200000)
   Total Material
     Flux                                 0.0011933 +/- 6.25963e-05
 Incoming Energy [10200000, 10400000)
   Total Material
     Flux                                 0.000973916 +/- 5.36726e-05
 Incoming Energy [10400000, 10600000)
   Total Material
     Flux                                 0.000780467 +/- 4.80764e-05
 Incoming Energy [10600000, 10800000)
   Total Material
     Flux                                 0.000776371 +/- 4.56579e-05
 Incoming Energy [10800000, 11000000)
   Total Material
     Flux                                 0.000600165 +/- 4.63575e-05
 Incoming Energy [11000000, 11200000)
   Total Material
     Flux                                 0.000568167 +/- 3.88374e-05
 Incoming Energy [11200000, 11400000)
   Total Material
     Flux                                 0.000476809 +/- 3.70613e-05
 Incoming Energy [11400000, 11600000)
   Total Material
     Flux                                 0.000444201 +/- 3.47591e-05
 Incoming Energy [11600000, 11800000)
   Total Material
     Flux                                 0.000319299 +/- 2.9513e-05
 Incoming Energy [11800000, 12000000)
   Total Material
     Flux                                 0.000333061 +/- 3.20184e-05
 Incoming Energy [12000000, 12200000)
   Total Material
     Flux                                 0.000282359 +/- 2.73845e-05
 Incoming Energy [12200000, 12400000)
   Total Material
     Flux                                 0.000265072 +/- 2.73719e-05
 Incoming Energy [12400000, 12600000)
   Total Material
     Flux                                 0.000211963 +/- 2.49466e-05
 Incoming Energy [12600000, 12800000)
   Total Material
     Flux                                 0.000176362 +/- 2.12624e-05
 Incoming Energy [12800000, 13000000)
   Total Material
     Flux                                 0.000123436 +/- 2.01624e-05
 Incoming Energy [13000000, 13200000)
   Total Material
     Flux                                 0.000123202 +/- 2.11349e-05
 Incoming Energy [13200000, 13400000)
   Total Material
     Flux                                 8.03823e-05 +/- 1.42969e-05
 Incoming Energy [13400000, 13600000)
   Total Material
     Flux                                 0.000101459 +/- 1.73409e-05
 Incoming Energy [13600000, 13800000)
   Total Material
     Flux                                 8.54088e-05 +/- 1.68062e-05
 Incoming Energy [13800000, 14000000)
   Total Material
     Flux                                 8.99319e-05 +/- 1.784e-05
 Incoming Energy [14000000, 14200000)
   Total Material
     Flux                                 9.12389e-05 +/- 1.71962e-05
 Incoming Energy [14200000, 14400000)
   Total Material
     Flux                                 6.05889e-05 +/- 1.37972e-05
 Incoming Energy [14400000, 14600000)
   Total Material
     Flux                                 4.19228e-05 +/- 1.12072e-05
 Incoming Energy [14600000, 14800000)
   Total Material
     Flux                                 4.67508e-05 +/- 1.1934e-05
 Incoming Energy [14800000, 15000000)
   Total Material
     Flux                                 4.46459e-05 +/- 1.10227e-05
 Incoming Energy [15000000, 15200000)
   Total Material
     Flux                                 2.78386e-05 +/- 8.05033e-06
 Incoming Energy [15200000, 15400000)
   Total Material
     Flux                                 2.26107e-05 +/- 9.31462e-06
 Incoming Energy [15400000, 15600000)
   Total Material
     Flux                                 2.12752e-05 +/- 7.38259e-06
 Incoming Energy [15600000, 15800000)
   Total Material
     Flux                                 1.97425e-05 +/- 8.12301e-06
 Incoming Energy [15800000, 16000000)
   Total Material
     Flux                                 1.10213e-05 +/- 4.22465e-06
 Incoming Energy [16000000, 16200000)
   Total Material
     Flux                                 1.00446e-05 +/- 4.69516e-06
 Incoming Energy [16200000, 16400000)
   Total Material
     Flux                                 3.49535e-06 +/- 2.06454e-06
 Incoming Energy [16400000, 16600000)
   Total Material
     Flux                                 1.38783e-05 +/- 5.26707e-06
 Incoming Energy [16600000, 16800000)
   Total Material
     Flux                                 1.28292e-05 +/- 5.39417e-06
 Incoming Energy [16800000, 17000000)
   Total Material
     Flux                                 0 +/- 0
 Incoming Energy [17000000, 17200000)
   Total Material
     Flux                                 3.15352e-06 +/- 2.49244e-06
 Incoming Energy [17200000, 17400000)
   Total Material
     Flux                                 3.85006e-06 +/- 3.32611e-06
 Incoming Energy [17400000, 17600000)
   Total Material
     Flux                                 2.50149e-06 +/- 2.50149e-06
 Incoming Energy [17600000, 17800000)
   Total Material
     Flux                                 1.54608e-06 +/- 1.54608e-06
 Incoming Energy [17800000, 18000000)
   Total Material
     Flux                                 7.01774e-06 +/- 4.96258e-06
 Incoming Energy [18000000, 18200000)
   Total Material
     Flux                                 1.10572e-05 +/- 5.06335e-06
 Incoming Energy [18200000, 18400000)
   Total Material
     Flux                                 1.4002e-06 +/- 1.1718e-06
 Incoming Energy [18400000, 18600000)
   Total Material
     Flux                                 9.56632e-06 +/- 5.56929e-06
 Incoming Energy [18600000, 18800000)
   Total Material
     Flux                                 0 +/- 0
 Incoming Energy [18800000, 19000000)
   Total Material
     Flux                                 2.23397e-07 +/- 2.23397e-07
 Incoming Energy [19000000, 19200000)
   Total Material
     Flux                                 0 +/- 0
 Incoming Energy [19200000, 19400000)
   Total Material
     Flux                                 0 +/- 0
 Incoming Energy [19400000, 19600000)
   Total Material
     Flux                                 0 +/- 0
 Incoming Energy [19600000, 19800000)
   Total Material
     Flux                                 1.73899e-06 +/- 1.73899e-06
 Incoming Energy [19800000, 20000000)
   Total Material
     Flux                                 3.86208e-08 +/- 3.86208e-08
 Incoming Energy [20000000, 21000000)
   Total Material
     Flux                                 0 +/- 0
 Incoming Energy [21000000, 22000000)
   Total Material
     Flux                                 0 +/- 0
 Incoming Energy [22000000, 23000000)
   Total Material
     Flux                                 0 +/- 0
 Incoming Energy [23000000, 24000000)
   Total Material
     Flux                                 0 +/- 0
 Incoming Energy [24000000, 25000000)
   Total Material
     Flux                                 0 +/- 0
 Incoming Energy [25000000, 26000000)
   Total Material
     Flux                                 0 +/- 0
 Incoming Energy [26000000, 27000000)
   Total Material
     Flux                                 0 +/- 0
 Incoming Energy [27000000, 28000000)
   Total Material
     Flux                                 0 +/- 0
 Incoming Energy [28000000, 29000000)
   Total Material
     Flux                                 0 +/- 0
 Incoming Energy [29000000, 30000000)
   Total Material
     Flux                                 0 +/- 0
 Incoming Energy [30000000, 32000000)
   Total Material
     Flux                                 0 +/- 0
 Incoming Energy [32000000, 34000000)
   Total Material
     Flux                                 0 +/- 0
 Incoming Energy [34000000, 36000000)
   Total Material
     Flux                                 0 +/- 0
 Incoming Energy [36000000, 38000000)
   Total Material
     Flux                                 0 +/- 0
 Incoming Energy [38000000, 40000000)
   Total Material
     Flux                                 0 +/- 0
 Incoming Energy [40000000, 42000000)
   Total Material
     Flux                                 0 +/- 0
 Incoming Energy [42000000, 44000000)
   Total Material
     Flux                                 0 +/- 0
 Incoming Energy [44000000, 46000000)
   Total Material
     Flux                                 0 +/- 0
 Incoming Energy [46000000, 48000000)
   Total Material
     Flux                                 0 +/- 0
 Incoming Energy [48000000, 50000000)
   Total Material
     Flux                                 0 +/- 0
 Incoming Energy [50000000, 52000000)
   Total Material
     Flux                                 0 +/- 0
 Incoming Energy [52000000, 54000000)
   Total Material
     Flux                                 0 +/- 0
 Incoming Energy [54000000, 56000000)
   Total Material
     Flux                                 0 +/- 0
 Incoming Energy [56000000, 58000000)
   Total Material
     Flux                                 0 +/- 0
 Incoming Energy [58000000, 60000000)
   Total Material
     Flux                                 0 +/- 0
 Incoming Energy [60000000, 65000000)
   Total Material
     Flux                                 0 +/- 0
 Incoming Energy [65000000, 70000000)
   Total Material
     Flux                                 0 +/- 0
 Incoming Energy [70000000, 75000000)
   Total Material
     Flux                                 0 +/- 0
 Incoming Energy [75000000, 80000000)
   Total Material
     Flux                                 0 +/- 0
 Incoming Energy [80000000, 90000000)
   Total Material
     Flux                                 0 +/- 0
 Incoming Energy [90000000, 100000000)
   Total Material
     Flux                                 0 +/- 0
 Incoming Energy [100000000, 110000000)
   Total Material
     Flux                                 0 +/- 0
 Incoming Energy [110000000, 120000000)
   Total Material
     Flux                                 0 +/- 0
 Incoming Energy [120000000, 130000000)
   Total Material
     Flux                                 0 +/- 0
 Incoming Energy [130000000, 140000000)
   Total Material
     Flux                                 0 +/- 0
 Incoming Energy [140000000, 150000000)
   Total Material
     Flux                                 0 +/- 0
 Incoming Energy [150000000, 160000000)
   Total Material
     Flux                                 0 +/- 0
 Incoming Energy [160000000, 180000000)
   Total Material
     Flux                                 0 +/- 0
 Incoming Energy [180000000, 200000000)
   Total Material
     Flux                                 0 +/- 0
 Incoming Energy [200000000, 240000000)
   Total Material
     Flux                                 0 +/- 0
 Incoming Energy [240000000, 280000000)
   Total Material
     Flux                                 0 +/- 0
 Incoming Energy [280000000, 320000000)
   Total Material
     Flux                                 0 +/- 0
 Incoming Energy [320000000, 360000000)
   Total Material
     Flux                                 0 +/- 0
 Incoming Energy [360000000, 400000000)
   Total Material
     Flux                                 0 +/- 0
 Incoming Energy [400000000, 440000000)
   Total Material
     Flux                                 0 +/- 0
 Incoming Energy [440000000, 480000000)
   Total Material
     Flux                                 0 +/- 0
 Incoming Energy [480000000, 520000000)
   Total Material
     Flux                                 0 +/- 0
 Incoming Energy [520000000, 560000000)
   Total Material
     Flux                                 0 +/- 0
 Incoming Energy [560000000, 600000000)
   Total Material
     Flux                                 0 +/- 0
 Incoming Energy [600000000, 640000000)
   Total Material
     Flux                                 0 +/- 0
 Incoming Energy [640000000, 680000000)
   Total Material
     Flux                                 0 +/- 0
 Incoming Energy [680000000, 720000000)
   Total Material
     Flux                                 0 +/- 0
 Incoming Energy [720000000, 760000000)
   Total Material
     Flux                                 0 +/- 0
 Incoming Energy [760000000, 800000000)
   Total Material
     Flux                                 0 +/- 0
 Incoming Energy [800000000, 840000000)
   Total Material
     Flux                                 0 +/- 0
 Incoming Energy [840000000, 880000000)
   Total Material
     Flux                                 0 +/- 0
 Incoming Energy [880000000, 920000000)
   Total Material
     Flux                                 0 +/- 0
 Incoming Energy [920000000, 960000000)
   Total Material
     Flux                                 0 +/- 0
 Incoming Energy [960000000, 1000000000)
   Total Material
     Flux                                 0 +/- 0
